<?xml version="1.0" encoding="utf-8"?><testsuites name="pytest tests"><testsuite name="pytest" errors="0" failures="0" skipped="0" tests="8" time="1.253" timestamp="2026-04-17T05:53:10.645815+00:00" hostname="agent-env-146eb52a-b8c1-44e6-b47f-74c4215d11e8"><testcase classname="backend.tests.test_final_check.TestHealth" name="test_health" time="0.230" /><testcase classname="backend.tests.test_final_check.TestAuth" name="test_auth_me" time="0.149" /><testcase classname="backend.tests.test_final_check.TestCoreAPIs" name="test_dashboard_stats" time="0.148" /><testcase classname="backend.tests.test_final_check.TestCoreAPIs" name="test_campaigns" time="0.135" /><testcase classname="backend.tests.test_final_check.TestCoreAPIs" name="test_influencers" time="0.140" /><testcase classname="backend.tests.test_final_check.TestCoreAPIs" name="test_messages" time="0.119" /><testcase classname="backend.tests.test_final_check.TestCoreAPIs" name="test_analytics_overview" time="0.144" /><testcase classname="backend.tests.test_final_check.TestCoreAPIs" name="test_payments" time="0.120" /></testsuite></testsuites>