<?xml version="1.0" encoding="utf-8"?><testsuites name="pytest tests"><testsuite name="pytest" errors="0" failures="2" skipped="0" tests="13" time="6.518" timestamp="2026-04-16T13:32:00.618302+00:00" hostname="agent-env-146eb52a-b8c1-44e6-b47f-74c4215d11e8"><testcase classname="backend.tests.test_influencer_connect.TestAuth" name="test_auth_me" time="0.230" /><testcase classname="backend.tests.test_influencer_connect.TestAuth" name="test_auth_me_unauthenticated" time="0.157" /><testcase classname="backend.tests.test_influencer_connect.TestDashboard" name="test_get_dashboard_stats" time="0.167" /><testcase classname="backend.tests.test_influencer_connect.TestInfluencers" name="test_get_influencers" time="0.137" /><testcase classname="backend.tests.test_influencer_connect.TestInfluencers" name="test_get_influencers_unauthenticated" time="0.179"><failure message="assert 200 == 401&#10; +  where 200 = &lt;Response [200]&gt;.status_code">backend/tests/test_influencer_connect.py:58: in test_get_influencers_unauthenticated
    assert r.status_code == 401
E   assert 200 == 401
E    +  where 200 = &lt;Response [200]&gt;.status_code</failure></testcase><testcase classname="backend.tests.test_influencer_connect.TestCampaigns" name="test_list_campaigns" time="0.137" /><testcase classname="backend.tests.test_influencer_connect.TestCampaigns" name="test_get_campaign_by_id" time="0.114" /><testcase classname="backend.tests.test_influencer_connect.TestCampaigns" name="test_create_campaign" time="4.121" /><testcase classname="backend.tests.test_influencer_connect.TestCampaigns" name="test_update_campaign_stage" time="0.501" /><testcase classname="backend.tests.test_influencer_connect.TestCampaigns" name="test_update_campaign_invalid_stage" time="0.280" /><testcase classname="backend.tests.test_influencer_connect.TestInbox" name="test_list_messages" time="0.147" /><testcase classname="backend.tests.test_influencer_connect.TestAnalytics" name="test_get_analytics" time="0.104"><failure message="assert 404 == 200&#10; +  where 404 = &lt;Response [404]&gt;.status_code">backend/tests/test_influencer_connect.py:138: in test_get_analytics
    assert r.status_code == 200
E   assert 404 == 200
E    +  where 404 = &lt;Response [404]&gt;.status_code</failure></testcase><testcase classname="backend.tests.test_influencer_connect.TestPayments" name="test_list_payment_transactions" time="0.128" /></testsuite></testsuites>