<?xml version="1.0" encoding="utf-8"?><testsuites name="pytest tests"><testsuite name="pytest" errors="0" failures="0" skipped="0" tests="4" time="35.802" timestamp="2026-04-16T22:40:23.137745+00:00" hostname="agent-env-146eb52a-b8c1-44e6-b47f-74c4215d11e8"><testcase classname="backend.tests.test_brand_agent.TestAgentChat" name="test_chat_returns_200_with_response" time="26.282" /><testcase classname="backend.tests.test_brand_agent.TestAgentChat" name="test_chat_response_contains_influencer_format" time="8.335" /><testcase classname="backend.tests.test_brand_agent.TestSendOutreach" name="test_send_outreach_to_test_email" time="0.907" /><testcase classname="backend.tests.test_brand_agent.TestSendOutreach" name="test_send_outreach_missing_fields_returns_error" time="0.213" /></testsuite></testsuites>