<?xml version="1.0" encoding="utf-8"?><testsuites name="pytest tests"><testsuite name="pytest" errors="0" failures="0" skipped="0" tests="41" time="23.216" timestamp="2026-04-17T04:52:21.864283+00:00" hostname="agent-env-146eb52a-b8c1-44e6-b47f-74c4215d11e8"><testcase classname="backend.tests.test_iteration5_deep.TestHealth" name="test_health_returns_200" time="0.250" /><testcase classname="backend.tests.test_iteration5_deep.TestHealth" name="test_health_schema" time="0.149" /><testcase classname="backend.tests.test_iteration5_deep.TestAuthMe" name="test_me_with_valid_token" time="0.153" /><testcase classname="backend.tests.test_iteration5_deep.TestAuthMe" name="test_me_schema" time="0.044" /><testcase classname="backend.tests.test_iteration5_deep.TestAuthMe" name="test_me_no_token_returns_401" time="0.138" /><testcase classname="backend.tests.test_iteration5_deep.TestAuthMe" name="test_me_invalid_token_returns_401" time="0.111" /><testcase classname="backend.tests.test_iteration5_deep.TestDashboardStats" name="test_stats_returns_200" time="0.048" /><testcase classname="backend.tests.test_iteration5_deep.TestDashboardStats" name="test_stats_schema" time="0.047" /><testcase classname="backend.tests.test_iteration5_deep.TestDashboardStats" name="test_stats_no_auth_returns_401" time="0.144" /><testcase classname="backend.tests.test_iteration5_deep.TestInfluencers" name="test_list_influencers_200" time="0.119" /><testcase classname="backend.tests.test_iteration5_deep.TestInfluencers" name="test_influencers_schema" time="0.118" /><testcase classname="backend.tests.test_iteration5_deep.TestInfluencers" name="test_influencers_filter_platform" time="0.119" /><testcase classname="backend.tests.test_iteration5_deep.TestInfluencers" name="test_influencer_not_found_returns_404" time="0.099" /><testcase classname="backend.tests.test_iteration5_deep.TestCampaigns" name="test_list_campaigns_200" time="0.047" /><testcase classname="backend.tests.test_iteration5_deep.TestCampaigns" name="test_campaigns_schema" time="0.046" /><testcase classname="backend.tests.test_iteration5_deep.TestCampaigns" name="test_campaigns_no_auth_returns_401" time="0.100" /><testcase classname="backend.tests.test_iteration5_deep.TestCreateCampaign" name="test_create_campaign_200" time="3.201" /><testcase classname="backend.tests.test_iteration5_deep.TestCreateCampaign" name="test_create_campaign_schema" time="2.693" /><testcase classname="backend.tests.test_iteration5_deep.TestCreateCampaign" name="test_create_campaign_missing_field_returns_422" time="0.046" /><testcase classname="backend.tests.test_iteration5_deep.TestCampaignStageUpdate" name="test_update_stage_200" time="0.059" /><testcase classname="backend.tests.test_iteration5_deep.TestCampaignStageUpdate" name="test_update_stage_invalid_stage_400" time="0.043" /><testcase classname="backend.tests.test_iteration5_deep.TestCampaignStageUpdate" name="test_update_stage_nonexistent_campaign_404" time="0.047" /><testcase classname="backend.tests.test_iteration5_deep.TestAnalyticsOverview" name="test_analytics_overview_200" time="0.048" /><testcase classname="backend.tests.test_iteration5_deep.TestAnalyticsOverview" name="test_analytics_overview_schema" time="0.043" /><testcase classname="backend.tests.test_iteration5_deep.TestCampaignAnalytics" name="test_campaign_analytics_200" time="0.047" /><testcase classname="backend.tests.test_iteration5_deep.TestCampaignAnalytics" name="test_campaign_analytics_schema" time="0.044" /><testcase classname="backend.tests.test_iteration5_deep.TestCampaignAnalytics" name="test_campaign_analytics_404" time="0.049" /><testcase classname="backend.tests.test_iteration5_deep.TestMessages" name="test_list_messages_200" time="0.046" /><testcase classname="backend.tests.test_iteration5_deep.TestMessages" name="test_messages_schema" time="0.048" /><testcase classname="backend.tests.test_iteration5_deep.TestMessages" name="test_create_message_200" time="0.045" /><testcase classname="backend.tests.test_iteration5_deep.TestMessages" name="test_mark_message_read" time="0.045" /><testcase classname="backend.tests.test_iteration5_deep.TestMessages" name="test_messages_no_auth_returns_401" time="0.118" /><testcase classname="backend.tests.test_iteration5_deep.TestPayments" name="test_list_payments_200" time="0.046" /><testcase classname="backend.tests.test_iteration5_deep.TestPayments" name="test_payments_returns_list" time="0.044" /><testcase classname="backend.tests.test_iteration5_deep.TestAIScoreInfluencers" name="test_score_influencers_200" time="4.821" /><testcase classname="backend.tests.test_iteration5_deep.TestAIScoreInfluencers" name="test_score_influencers_schema" time="4.106" /><testcase classname="backend.tests.test_iteration5_deep.TestAIScoreInfluencers" name="test_score_influencers_invalid_campaign_404" time="0.044" /><testcase classname="backend.tests.test_iteration5_deep.TestAgentChat" name="test_agent_chat_200" time="4.387" /><testcase classname="backend.tests.test_iteration5_deep.TestAgentChat" name="test_agent_chat_missing_body_returns_422" time="0.107" /><testcase classname="backend.tests.test_iteration5_deep.TestAgentSendOutreach" name="test_send_outreach_200" time="1.065" /><testcase classname="backend.tests.test_iteration5_deep.TestAgentSendOutreach" name="test_send_outreach_missing_fields_returns_422" time="0.122" /></testsuite></testsuites>